Determining size of off64_t failed with the following output:
Change Dir: /Users/lmonster/Work/Sigil/Code/Sigil/CMakeFiles/CMakeTmp

Run Build Command:"/usr/bin/make" "cmTC_1f78d/fast"
/Applications/Xcode.app/Contents/Developer/usr/bin/make -f CMakeFiles/cmTC_1f78d.dir/build.make CMakeFiles/cmTC_1f78d.dir/build
Building C object CMakeFiles/cmTC_1f78d.dir/OFF64_T.c.o
/Applications/Xcode.app/Contents/Developer/Toolchains/XcodeDefault.xctoolchain/usr/bin/cc   -isysroot /Applications/Xcode.app/Contents/Developer/Platforms/MacOSX.platform/Developer/SDKs/MacOSX10.13.sdk -mmacosx-version-min=10.9   -o CMakeFiles/cmTC_1f78d.dir/OFF64_T.c.o   -c /Users/lmonster/Work/Sigil/Code/Sigil/CMakeFiles/CheckTypeSize/OFF64_T.c
/Users/lmonster/Work/Sigil/Code/Sigil/CMakeFiles/CheckTypeSize/OFF64_T.c:25:12: error: use of undeclared identifier 'off64_t'
  ('0' + ((SIZE / 10000)%10)),
           ^
/Users/lmonster/Work/Sigil/Code/Sigil/CMakeFiles/CheckTypeSize/OFF64_T.c:23:22: note: expanded from macro 'SIZE'
#define SIZE (sizeof(off64_t))
                     ^
/Users/lmonster/Work/Sigil/Code/Sigil/CMakeFiles/CheckTypeSize/OFF64_T.c:26:12: error: use of undeclared identifier 'off64_t'
  ('0' + ((SIZE / 1000)%10)),
           ^
/Users/lmonster/Work/Sigil/Code/Sigil/CMakeFiles/CheckTypeSize/OFF64_T.c:23:22: note: expanded from macro 'SIZE'
#define SIZE (sizeof(off64_t))
                     ^
/Users/lmonster/Work/Sigil/Code/Sigil/CMakeFiles/CheckTypeSize/OFF64_T.c:27:12: error: use of undeclared identifier 'off64_t'
  ('0' + ((SIZE / 100)%10)),
           ^
/Users/lmonster/Work/Sigil/Code/Sigil/CMakeFiles/CheckTypeSize/OFF64_T.c:23:22: note: expanded from macro 'SIZE'
#define SIZE (sizeof(off64_t))
                     ^
/Users/lmonster/Work/Sigil/Code/Sigil/CMakeFiles/CheckTypeSize/OFF64_T.c:28:12: error: use of undeclared identifier 'off64_t'
  ('0' + ((SIZE / 10)%10)),
           ^
/Users/lmonster/Work/Sigil/Code/Sigil/CMakeFiles/CheckTypeSize/OFF64_T.c:23:22: note: expanded from macro 'SIZE'
#define SIZE (sizeof(off64_t))
                     ^
/Users/lmonster/Work/Sigil/Code/Sigil/CMakeFiles/CheckTypeSize/OFF64_T.c:29:12: error: use of undeclared identifier 'off64_t'
  ('0' +  (SIZE    % 10)),
           ^
/Users/lmonster/Work/Sigil/Code/Sigil/CMakeFiles/CheckTypeSize/OFF64_T.c:23:22: note: expanded from macro 'SIZE'
#define SIZE (sizeof(off64_t))
                     ^
5 errors generated.
make[1]: *** [CMakeFiles/cmTC_1f78d.dir/OFF64_T.c.o] Error 1
make: *** [cmTC_1f78d/fast] Error 2

/Users/lmonster/Work/Sigil/Code/Sigil/CMakeFiles/CheckTypeSize/OFF64_T.c:
#include <sys/types.h>
#include <stdint.h>
#include <stddef.h>


#undef KEY
#if defined(__i386)
# define KEY '_','_','i','3','8','6'
#elif defined(__x86_64)
# define KEY '_','_','x','8','6','_','6','4'
#elif defined(__ppc__)
# define KEY '_','_','p','p','c','_','_'
#elif defined(__ppc64__)
# define KEY '_','_','p','p','c','6','4','_','_'
#elif defined(__aarch64__)
# define KEY '_','_','a','a','r','c','h','6','4','_','_'
#elif defined(__ARM_ARCH_7A__)
# define KEY '_','_','A','R','M','_','A','R','C','H','_','7','A','_','_'
#elif defined(__ARM_ARCH_7S__)
# define KEY '_','_','A','R','M','_','A','R','C','H','_','7','S','_','_'
#endif

#define SIZE (sizeof(off64_t))
char info_size[] =  {'I', 'N', 'F', 'O', ':', 's','i','z','e','[',
  ('0' + ((SIZE / 10000)%10)),
  ('0' + ((SIZE / 1000)%10)),
  ('0' + ((SIZE / 100)%10)),
  ('0' + ((SIZE / 10)%10)),
  ('0' +  (SIZE    % 10)),
  ']',
#ifdef KEY
  ' ','k','e','y','[', KEY, ']',
#endif
  '\0'};

#ifdef __CLASSIC_C__
int main(argc, argv) int argc; char *argv[];
#else
int main(int argc, char *argv[])
#endif
{
  int require = 0;
  require += info_size[argc];
  (void)argv;
  return require;
}


Determining if the include file windows.h exists failed with the following output:
Change Dir: /Users/lmonster/Work/Sigil/Code/Sigil/CMakeFiles/CMakeTmp

Run Build Command:"/usr/bin/make" "cmTC_eb959/fast"
/Applications/Xcode.app/Contents/Developer/usr/bin/make -f CMakeFiles/cmTC_eb959.dir/build.make CMakeFiles/cmTC_eb959.dir/build
Building C object CMakeFiles/cmTC_eb959.dir/CheckIncludeFile.c.o
/Applications/Xcode.app/Contents/Developer/Toolchains/XcodeDefault.xctoolchain/usr/bin/cc   -isysroot /Applications/Xcode.app/Contents/Developer/Platforms/MacOSX.platform/Developer/SDKs/MacOSX10.13.sdk -mmacosx-version-min=10.9   -o CMakeFiles/cmTC_eb959.dir/CheckIncludeFile.c.o   -c /Users/lmonster/Work/Sigil/Code/Sigil/CMakeFiles/CMakeTmp/CheckIncludeFile.c
/Users/lmonster/Work/Sigil/Code/Sigil/CMakeFiles/CMakeTmp/CheckIncludeFile.c:1:10: fatal error: 'windows.h' file not found
#include <windows.h>
         ^~~~~~~~~~~
1 error generated.
make[1]: *** [CMakeFiles/cmTC_eb959.dir/CheckIncludeFile.c.o] Error 1
make: *** [cmTC_eb959/fast] Error 2


Determining if the include file type_traits.h exists failed with the following output:
Change Dir: /Users/lmonster/Work/Sigil/Code/Sigil/CMakeFiles/CMakeTmp

Run Build Command:"/usr/bin/make" "cmTC_a41c9/fast"
/Applications/Xcode.app/Contents/Developer/usr/bin/make -f CMakeFiles/cmTC_a41c9.dir/build.make CMakeFiles/cmTC_a41c9.dir/build
Building CXX object CMakeFiles/cmTC_a41c9.dir/CheckIncludeFile.cxx.o
/Applications/Xcode.app/Contents/Developer/Toolchains/XcodeDefault.xctoolchain/usr/bin/c++    -isysroot /Applications/Xcode.app/Contents/Developer/Platforms/MacOSX.platform/Developer/SDKs/MacOSX10.13.sdk -mmacosx-version-min=10.9   -o CMakeFiles/cmTC_a41c9.dir/CheckIncludeFile.cxx.o -c /Users/lmonster/Work/Sigil/Code/Sigil/CMakeFiles/CMakeTmp/CheckIncludeFile.cxx
/Users/lmonster/Work/Sigil/Code/Sigil/CMakeFiles/CMakeTmp/CheckIncludeFile.cxx:1:10: fatal error: 'type_traits.h' file not found
#include <type_traits.h>
         ^~~~~~~~~~~~~~~
1 error generated.
make[1]: *** [CMakeFiles/cmTC_a41c9.dir/CheckIncludeFile.cxx.o] Error 1
make: *** [cmTC_a41c9/fast] Error 2


Determining if the include file bits/type_traits.h exists failed with the following output:
Change Dir: /Users/lmonster/Work/Sigil/Code/Sigil/CMakeFiles/CMakeTmp

Run Build Command:"/usr/bin/make" "cmTC_b2902/fast"
/Applications/Xcode.app/Contents/Developer/usr/bin/make -f CMakeFiles/cmTC_b2902.dir/build.make CMakeFiles/cmTC_b2902.dir/build
Building CXX object CMakeFiles/cmTC_b2902.dir/CheckIncludeFile.cxx.o
/Applications/Xcode.app/Contents/Developer/Toolchains/XcodeDefault.xctoolchain/usr/bin/c++    -isysroot /Applications/Xcode.app/Contents/Developer/Platforms/MacOSX.platform/Developer/SDKs/MacOSX10.13.sdk -mmacosx-version-min=10.9   -o CMakeFiles/cmTC_b2902.dir/CheckIncludeFile.cxx.o -c /Users/lmonster/Work/Sigil/Code/Sigil/CMakeFiles/CMakeTmp/CheckIncludeFile.cxx
/Users/lmonster/Work/Sigil/Code/Sigil/CMakeFiles/CMakeTmp/CheckIncludeFile.cxx:1:10: fatal error: 'bits/type_traits.h' file not found
#include <bits/type_traits.h>
         ^~~~~~~~~~~~~~~~~~~~
1 error generated.
make[1]: *** [CMakeFiles/cmTC_b2902.dir/CheckIncludeFile.cxx.o] Error 1
make: *** [cmTC_b2902/fast] Error 2


Determining if the function _strtoi64 exists failed with the following output:
Change Dir: /Users/lmonster/Work/Sigil/Code/Sigil/CMakeFiles/CMakeTmp

Run Build Command:"/usr/bin/make" "cmTC_43957/fast"
/Applications/Xcode.app/Contents/Developer/usr/bin/make -f CMakeFiles/cmTC_43957.dir/build.make CMakeFiles/cmTC_43957.dir/build
Building C object CMakeFiles/cmTC_43957.dir/CheckFunctionExists.c.o
/Applications/Xcode.app/Contents/Developer/Toolchains/XcodeDefault.xctoolchain/usr/bin/cc   -DCHECK_FUNCTION_EXISTS=_strtoi64 -isysroot /Applications/Xcode.app/Contents/Developer/Platforms/MacOSX.platform/Developer/SDKs/MacOSX10.13.sdk -mmacosx-version-min=10.9   -o CMakeFiles/cmTC_43957.dir/CheckFunctionExists.c.o   -c /usr/local/Cellar/cmake/3.11.0/share/cmake/Modules/CheckFunctionExists.c
Linking C executable cmTC_43957
/usr/local/Cellar/cmake/3.11.0/bin/cmake -E cmake_link_script CMakeFiles/cmTC_43957.dir/link.txt --verbose=1
/Applications/Xcode.app/Contents/Developer/Toolchains/XcodeDefault.xctoolchain/usr/bin/cc  -DCHECK_FUNCTION_EXISTS=_strtoi64 -isysroot /Applications/Xcode.app/Contents/Developer/Platforms/MacOSX.platform/Developer/SDKs/MacOSX10.13.sdk -mmacosx-version-min=10.9 -Wl,-search_paths_first -Wl,-headerpad_max_install_names   CMakeFiles/cmTC_43957.dir/CheckFunctionExists.c.o  -o cmTC_43957 
Undefined symbols for architecture x86_64:
  "__strtoi64", referenced from:
      _main in CheckFunctionExists.c.o
ld: symbol(s) not found for architecture x86_64
clang: error: linker command failed with exit code 1 (use -v to see invocation)
make[1]: *** [cmTC_43957] Error 1
make: *** [cmTC_43957/fast] Error 2


